<?xml version="1.0" encoding="UTF-8"?>
<!-- Generated by org.testng.reporters.JUnitReportReporter -->
<testsuite hostname="LAPTOP-8IIK476D" failures="0" tests="4" name="restassuredtestting.HTTPRequests" time="6.948" errors="0" timestamp="2025-12-03T19:11:23 BRT" skipped="0">
  <testcase classname="restassuredtestting.HTTPRequests" name="getUsers" time="4.580"/>
  <testcase classname="restassuredtestting.HTTPRequests" name="createUser" time="1.282"/>
  <testcase classname="restassuredtestting.HTTPRequests" name="updateUser" time="0.544"/>
  <testcase classname="restassuredtestting.HTTPRequests" name="deleteUser" time="0.542"/>
</testsuite> <!-- restassuredtestting.HTTPRequests -->
