<?xml version="1.0" encoding="UTF-8"?>
<!-- Generated by org.testng.reporters.JUnitReportReporter -->
<testsuite hostname="LAPTOP-8IIK476D" failures="0" tests="4" name="restassuredtestting.HTTPRequests" time="7.331" errors="0" timestamp="2025-12-05T16:19:47 BRT" skipped="0">
  <testcase classname="restassuredtestting.HTTPRequests" name="getUsers" time="4.575"/>
  <testcase classname="restassuredtestting.HTTPRequests" name="createUser" time="1.392"/>
  <testcase classname="restassuredtestting.HTTPRequests" name="updateUser" time="0.681"/>
  <testcase classname="restassuredtestting.HTTPRequests" name="deleteUser" time="0.683"/>
</testsuite> <!-- restassuredtestting.HTTPRequests -->
