<?xml version="1.0" encoding="UTF-8"?>
<testng-results ignored="0" total="4" passed="4" failed="0" skipped="0">
  <reporter-output>
  </reporter-output>
  <suite started-at="2025-12-03T19:11:16 BRT" name="Default suite" finished-at="2025-12-03T19:11:23 BRT" duration-ms="7046">
    <groups>
    </groups>
    <test started-at="2025-12-03T19:11:16 BRT" name="Default test" finished-at="2025-12-03T19:11:23 BRT" duration-ms="7046">
      <class name="restassuredtestting.HTTPRequests">
        <test-method signature="getUsers()[pri:1, instance:restassuredtestting.HTTPRequests@235834f2]" started-at="2025-12-03T19:11:16 BRT" name="getUsers" finished-at="2025-12-03T19:11:20 BRT" duration-ms="4580" status="PASS">
          <reporter-output>
          </reporter-output>
        </test-method> <!-- getUsers -->
        <test-method signature="createUser()[pri:2, instance:restassuredtestting.HTTPRequests@235834f2]" started-at="2025-12-03T19:11:20 BRT" name="createUser" finished-at="2025-12-03T19:11:22 BRT" duration-ms="1282" status="PASS">
          <reporter-output>
          </reporter-output>
        </test-method> <!-- createUser -->
        <test-method signature="updateUser()[pri:3, instance:restassuredtestting.HTTPRequests@235834f2]" started-at="2025-12-03T19:11:22 BRT" name="updateUser" finished-at="2025-12-03T19:11:22 BRT" depends-on-methods="restassuredtestting.HTTPRequests.createUser" duration-ms="544" status="PASS">
          <reporter-output>
          </reporter-output>
        </test-method> <!-- updateUser -->
        <test-method signature="deleteUser()[pri:4, instance:restassuredtestting.HTTPRequests@235834f2]" started-at="2025-12-03T19:11:22 BRT" name="deleteUser" finished-at="2025-12-03T19:11:23 BRT" duration-ms="542" status="PASS">
          <reporter-output>
          </reporter-output>
        </test-method> <!-- deleteUser -->
      </class> <!-- restassuredtestting.HTTPRequests -->
    </test> <!-- Default test -->
  </suite> <!-- Default suite -->
</testng-results>
