<?xml version="1.0" encoding="UTF-8"?>
<testng-results ignored="0" total="4" passed="4" failed="0" skipped="0">
  <reporter-output>
  </reporter-output>
  <suite started-at="2025-12-05T16:19:38 BRT" name="Default suite" finished-at="2025-12-05T16:19:47 BRT" duration-ms="8441">
    <groups>
    </groups>
    <test started-at="2025-12-05T16:19:38 BRT" name="Default test" finished-at="2025-12-05T16:19:47 BRT" duration-ms="8441">
      <class name="restassuredtestting.HTTPRequests">
        <test-method is-config="true" signature="setup()[pri:0, instance:restassuredtestting.HTTPRequests@6a78afa0]" started-at="2025-12-05T16:19:38 BRT" name="setup" finished-at="2025-12-05T16:19:39 BRT" duration-ms="1002" status="PASS">
          <reporter-output>
          </reporter-output>
        </test-method> <!-- setup -->
        <test-method signature="getUsers()[pri:1, instance:restassuredtestting.HTTPRequests@6a78afa0]" started-at="2025-12-05T16:19:39 BRT" name="getUsers" finished-at="2025-12-05T16:19:44 BRT" duration-ms="4575" status="PASS">
          <reporter-output>
          </reporter-output>
        </test-method> <!-- getUsers -->
        <test-method signature="createUser()[pri:2, instance:restassuredtestting.HTTPRequests@6a78afa0]" started-at="2025-12-05T16:19:44 BRT" name="createUser" finished-at="2025-12-05T16:19:45 BRT" duration-ms="1392" status="PASS">
          <reporter-output>
          </reporter-output>
        </test-method> <!-- createUser -->
        <test-method signature="updateUser()[pri:3, instance:restassuredtestting.HTTPRequests@6a78afa0]" started-at="2025-12-05T16:19:45 BRT" name="updateUser" finished-at="2025-12-05T16:19:46 BRT" depends-on-methods="restassuredtestting.HTTPRequests.createUser" duration-ms="681" status="PASS">
          <reporter-output>
          </reporter-output>
        </test-method> <!-- updateUser -->
        <test-method signature="deleteUser()[pri:4, instance:restassuredtestting.HTTPRequests@6a78afa0]" started-at="2025-12-05T16:19:46 BRT" name="deleteUser" finished-at="2025-12-05T16:19:47 BRT" duration-ms="683" status="PASS">
          <reporter-output>
          </reporter-output>
        </test-method> <!-- deleteUser -->
      </class> <!-- restassuredtestting.HTTPRequests -->
    </test> <!-- Default test -->
  </suite> <!-- Default suite -->
</testng-results>
