<?xml version="1.0" encoding="UTF-8"?>
<!-- Generated by org.testng.reporters.JUnitXMLReporter -->
<testsuite ignored="0" hostname="LAPTOP-8IIK476D" failures="0" tests="4" name="Default test" time="7.046" errors="0" timestamp="2025-12-03T19:11:23 BRT">
  <testcase classname="restassuredtestting.HTTPRequests" name="getUsers" time="4.58"/>
  <testcase classname="restassuredtestting.HTTPRequests" name="createUser" time="1.282"/>
  <testcase classname="restassuredtestting.HTTPRequests" name="updateUser" time="0.544"/>
  <testcase classname="restassuredtestting.HTTPRequests" name="deleteUser" time="0.542"/>
</testsuite> <!-- Default test -->
